Colectivos/Colectivos/manifest-merger-release-report.txt
-- Merging decision tree log ---
manifest
ADDED from AndroidManifest.xml:2:1
	xmlns:android
		ADDED from AndroidManifest.xml:2:11
	package
		ADDED from AndroidManifest.xml:3:5
	android:versionName
		ADDED from AndroidManifest.xml:4:30
		INJECTED from AndroidManifest.xml:0:0
		INJECTED from AndroidManifest.xml:0:0
	android:versionCode
		ADDED from AndroidManifest.xml:4:5
		INJECTED from AndroidManifest.xml:0:0
		INJECTED from AndroidManifest.xml:0:0
application
ADDED from AndroidManifest.xml:6:5
MERGED from com.android.support:appcompat-v7:19.1.0:19:5
	android:label
		ADDED from AndroidManifest.xml:9:9
	android:allowBackup
		ADDED from AndroidManifest.xml:7:9
	android:icon
		ADDED from AndroidManifest.xml:8:9
	android:theme
		ADDED from AndroidManifest.xml:10:9
meta-data#com.google.android.gms.version
ADDED from AndroidManifest.xml:13:8
	android:name
		ADDED from AndroidManifest.xml:13:19
	android:value
		ADDED from AndroidManifest.xml:14:13
activity#org.tecpro.colectivos.MainActivity
ADDED from AndroidManifest.xml:16:9
	android:label
		ADDED from AndroidManifest.xml:18:13
	android:name
		ADDED from AndroidManifest.xml:17:13
intent-filter#android.intent.action.MAIN+android.intent.category.LAUNCHER
ADDED from AndroidManifest.xml:19:13
action#android.intent.action.MAIN
ADDED from AndroidManifest.xml:20:17
	android:name
		ADDED from AndroidManifest.xml:20:25
category#android.intent.category.LAUNCHER
ADDED from AndroidManifest.xml:22:17
	android:name
		ADDED from AndroidManifest.xml:22:27
activity#org.tecpro.colectivos.Mapa
ADDED from AndroidManifest.xml:28:10
	android:label
		ADDED from AndroidManifest.xml:29:14
	android:name
		ADDED from AndroidManifest.xml:28:20
activity#org.tecpro.colectivos.MapaDondeVoy
ADDED from AndroidManifest.xml:32:9
	android:label
		ADDED from AndroidManifest.xml:33:13
	android:name
		ADDED from AndroidManifest.xml:32:19
activity#org.tecpro.colectivos.SeleccionLineas
ADDED from AndroidManifest.xml:35:10
	android:label
		ADDED from AndroidManifest.xml:36:14
	android:name
		ADDED from AndroidManifest.xml:35:20
activity#org.tecpro.colectivos.Preferencias
ADDED from AndroidManifest.xml:38:9
	android:label
		ADDED from AndroidManifest.xml:40:13
	android:name
		ADDED from AndroidManifest.xml:39:13
activity#org.tecpro.colectivos.ViewInfo
ADDED from AndroidManifest.xml:43:9
	android:label
		ADDED from AndroidManifest.xml:44:13
	android:theme
		ADDED from AndroidManifest.xml:45:13
	android:name
		ADDED from AndroidManifest.xml:43:19
activity#org.tecpro.colectivos.SeleccionLineasInterUrb
ADDED from AndroidManifest.xml:47:10
	android:label
		ADDED from AndroidManifest.xml:48:14
	android:name
		ADDED from AndroidManifest.xml:47:20
activity#org.tecpro.colectivos.SeleccionLineasMediaDist
ADDED from AndroidManifest.xml:50:10
	android:label
		ADDED from AndroidManifest.xml:51:14
	android:name
		ADDED from AndroidManifest.xml:50:20
activity#org.tecpro.colectivos.LineaResult
ADDED from AndroidManifest.xml:53:9
	android:label
		ADDED from AndroidManifest.xml:54:13
	android:name
		ADDED from AndroidManifest.xml:53:19
activity#org.tecpro.colectivos.VistaHoriarios
ADDED from AndroidManifest.xml:57:10
	android:label
		ADDED from AndroidManifest.xml:58:14
	android:name
		ADDED from AndroidManifest.xml:57:20
activity#org.tecpro.colectivos.AcercaDe
ADDED from AndroidManifest.xml:60:10
	android:label
		ADDED from AndroidManifest.xml:61:14
	android:name
		ADDED from AndroidManifest.xml:60:20
activity#org.tecpro.colectivos.MisHorarios
ADDED from AndroidManifest.xml:65:9
	android:label
		ADDED from AndroidManifest.xml:66:13
	android:name
		ADDED from AndroidManifest.xml:65:19
activity#org.tecpro.colectivos.EdicionAgregarHorario
ADDED from AndroidManifest.xml:68:9
	android:windowSoftInputMode
		ADDED from AndroidManifest.xml:69:13
	android:noHistory
		ADDED from AndroidManifest.xml:70:13
	android:label
		ADDED from AndroidManifest.xml:71:13
	android:name
		ADDED from AndroidManifest.xml:68:19
activity#org.tecpro.colectivos.AgregarHorario
ADDED from AndroidManifest.xml:73:9
	android:windowSoftInputMode
		ADDED from AndroidManifest.xml:75:13
	android:noHistory
		ADDED from AndroidManifest.xml:76:13
	android:label
		ADDED from AndroidManifest.xml:74:13
	android:name
		ADDED from AndroidManifest.xml:73:19
activity#org.tecpro.colectivos.DirectionsInputActivity
ADDED from AndroidManifest.xml:78:9
	android:label
		ADDED from AndroidManifest.xml:79:13
	android:name
		ADDED from AndroidManifest.xml:78:19
activity#org.tecpro.colectivos.HorariosAgregados
ADDED from AndroidManifest.xml:82:9
	android:label
		ADDED from AndroidManifest.xml:83:13
	android:name
		ADDED from AndroidManifest.xml:82:19
meta-data#com.google.android.maps.v2.API_KEY
ADDED from AndroidManifest.xml:89:10
	android:name
		ADDED from AndroidManifest.xml:90:14
	android:value
		ADDED from AndroidManifest.xml:91:14
activity#com.google.android.gms.ads.AdActivity
ADDED from AndroidManifest.xml:93:9
	android:configChanges
		ADDED from AndroidManifest.xml:94:13
	android:name
		ADDED from AndroidManifest.xml:93:19
permission#org.example.mislugares.permission.MAPS_RECEIVE
ADDED from AndroidManifest.xml:102:6
	android:protectionLevel
		ADDED from AndroidManifest.xml:104:10
	android:name
		ADDED from AndroidManifest.xml:103:10
uses-permission#org.example.mislugares.permission.MAPS_RECEIVE
ADDED from AndroidManifest.xml:106:6
	android:name
		ADDED from AndroidManifest.xml:107:10
uses-permission#com.google.android.providers.gsf.permission.READ_GSERVICES
ADDED from AndroidManifest.xml:109:6
	android:name
		ADDED from AndroidManifest.xml:110:10
uses-permission#android.permission.INTERNET
ADDED from AndroidManifest.xml:113:6
	android:name
		ADDED from AndroidManifest.xml:113:23
uses-permission#android.permission.ACCESS_NETWORK_STATE
ADDED from AndroidManifest.xml:114:6
	android:name
		ADDED from AndroidManifest.xml:114:23
uses-permission#android.permission.WRITE_EXTERNAL_STORAGE
ADDED from AndroidManifest.xml:115:6
	android:name
		ADDED from AndroidManifest.xml:115:23
uses-permission#android.permission.ACCESS_COARSE_LOCATION
ADDED from AndroidManifest.xml:116:6
	android:name
		ADDED from AndroidManifest.xml:116:23
uses-permission#android.permission.ACCESS_FINE_LOCATION
ADDED from AndroidManifest.xml:117:6
	android:name
		ADDED from AndroidManifest.xml:117:23
uses-feature#0x00020000
ADDED from AndroidManifest.xml:119:6
	android:required
		ADDED from AndroidManifest.xml:121:10
	android:glEsVersion
		ADDED from AndroidManifest.xml:120:10
uses-sdk
INJECTED from AndroidManifest.xml:0:0 reason: use-sdk injection requested
MERGED from com.android.support:appcompat-v7:19.1.0:18:5
MERGED from com.google.android.gms:play-services:4.3.23:7:5
	android:targetSdkVersion
		INJECTED from AndroidManifest.xml:0:0
		INJECTED from AndroidManifest.xml:0:0
	android:minSdkVersion
		INJECTED from AndroidManifest.xml:0:0
		INJECTED from AndroidManifest.xml:0:0